Power Analyzer report for Lab3assignment
Thu Feb 10 14:36:09 2022
Quartus Prime Version 18.1.1 Build 263 12/14/2018 SJ Pro Edition


---------------------
; Table of Contents ;
---------------------
  1. Legal Notice
  2. Parallel Compilation
  3. Power Analyzer Summary
  4. Power Savings Summary
  5. Power Analyzer Settings
  6. Power Analyzer Messages
  7. Indeterminate Toggle Rates
  8. Operating Conditions Used
  9. Thermal Power Dissipation by Block Type
 10. Current Drawn per Supply
 11. I/O Current Drawn per Supply
 12. I/O Current Drawn by Voltage
 13. Confidence Metric Details
 14. Signal Activities



----------------
; Legal Notice ;
----------------
Copyright (C) 2018  Intel Corporation. All rights reserved.
Your use of Intel Corporation's design tools, logic functions 
and other software and tools, and any partner logic 
functions, and any output files from any of the foregoing 
(including device programming or simulation files), and any 
associated documentation or information are expressly subject 
to the terms and conditions of the Intel Program License 
Subscription Agreement, the Intel Quartus Prime License Agreement,
the Intel FPGA IP License Agreement, or other applicable license
agreement, including, without limitation, that your use is for
the sole purpose of programming logic devices manufactured by
Intel and sold by Intel or its authorized distributors.  Please
refer to the applicable agreement for further details, at
https://fpgasoftware.intel.com/eula.



+-------------------------------------+
; Parallel Compilation                ;
+----------------------------+--------+
; Processors                 ; Number ;
+----------------------------+--------+
; Number detected on machine ; 4      ;
; Maximum allowed            ; 4      ;
; Maximum used               ; 4      ;
+----------------------------+--------+


+------------------------------------------------------------------------------------------------------------+
; Power Analyzer Summary                                                                                     ;
+---------------------------------------------------------+--------------------------------------------------+
; Power Analyzer Status                                   ; Successful - Thu Feb 10 14:36:09 2022            ;
; Quartus Prime Version                                   ; 18.1.1 Build 263 12/14/2018 SJ Pro Edition       ;
; Revision Name                                           ; Lab3assignment                                   ;
; Top-level Entity Name                                   ; Lab3assignment                                   ;
; Family                                                  ; Cyclone 10 GX                                    ;
; Device                                                  ; 10CX220YF780I5G                                  ;
; Power Models                                            ; Final                                            ;
; Total Thermal Power Dissipation                         ; 590.25 mW                                        ;
; Transceiver Standby Thermal Power Dissipation           ; 0.00 mW                                          ;
; Transceiver Dynamic Thermal Power Dissipation           ; 0.00 mW                                          ;
; I/O Standby Thermal Power Dissipation                   ; 0.16 mW                                          ;
; I/O Dynamic Thermal Power Dissipation                   ; 0.00 mW                                          ;
; Core Dynamic Thermal Power Dissipation                  ; 0.00 mW                                          ;
; HPS Standby Thermal Power Dissipation                   ; 0.00 mW                                          ;
; HPS Dynamic Thermal Power Dissipation                   ; 0.00 mW                                          ;
; Device Static Thermal Power Dissipation                 ; 590.09 mW                                        ;
; High Bandwidth Memory Standby Thermal Power Dissipation ; 0.00 mW                                          ;
; High Bandwidth Memory Dynamic Thermal Power Dissipation ; 0.00 mW                                          ;
; Power Estimation Confidence                             ; Low: user provided insufficient toggle rate data ;
+---------------------------------------------------------+--------------------------------------------------+


+--------------------------------------+
; Power Savings Summary                ;
+------------------------+-------------+
; Power Savings Type     ; Power Saved ;
+------------------------+-------------+
; SmartVID Power Savings ; 0.00 mW     ;
+------------------------+-------------+


+--------------------------------------------------------------------------------------------+
; Power Analyzer Settings                                                                    ;
+------------------------------------------------------------------+---------+---------------+
; Option                                                           ; Setting ; Default Value ;
+------------------------------------------------------------------+---------+---------------+
; Enable parallel Assembler and Timing Analyzer during compilation ; On      ; On            ;
; Enable compact report table                                      ; Off     ; Off           ;
; Allow RAM Retiming                                               ; Off     ; Off           ;
; Allow DSP Retiming                                               ; Off     ; Off           ;
; Default Power Toggle Rate                                        ; 12.5%   ; 12.5%         ;
; Default Power Input I/O Toggle Rate                              ; 12.5%   ; 12.5%         ;
; Use vectorless estimation                                        ; On      ; On            ;
; Use Input Files                                                  ; Off     ; Off           ;
; Filter Glitches in VCD File Reader                               ; On      ; On            ;
; Power Analyzer Report Signal Activity                            ; Off     ; Off           ;
; Power Analyzer Report Power Dissipation                          ; Off     ; Off           ;
; Device Power Characteristics                                     ; TYPICAL ; TYPICAL       ;
; Automatically Compute Junction Temperature                       ; On      ; On            ;
; Specified Junction Temperature                                   ; 25      ; 25            ;
; Ambient Temperature                                              ; 25      ; 25            ;
; Use Custom Cooling Solution                                      ; Off     ; Off           ;
; Board Temperature                                                ; 25      ; 25            ;
; Enable HPS                                                       ; Off     ; Off           ;
; Processor Frequency                                              ; 0.0     ; 0.0           ;
; SmartVoltage ID                                                  ; Off     ; Off           ;
+------------------------------------------------------------------+---------+---------------+


+-------------------------+
; Power Analyzer Messages ;
+-------------------------+
Info: *******************************************************************
Info: Running Quartus Prime Power Analyzer
    Info: Version 18.1.1 Build 263 12/14/2018 SJ Pro Edition
    Info: Processing started: Thu Feb 10 14:36:03 2022
Info: Command: quartus_pow --read_settings_files=on --write_settings_files=off Lab3assignment -c Lab3assignment
Info (16677): Loading final database
Info (16734): Loading "final" snapshot for partition "root_partition".
Info (16678): Successfully loaded final database: elapsed time is 00:00:02
Info (21077): Low junction temperature is -40 degrees C
Info (21077): High junction temperature is 100 degrees C
Info (19539): Reading the HDL-embedded SDC files elapsed 00:00:00.
Critical Warning (332012): Synopsys Design Constraints File file not found: 'Lab3assignment.sdc'. A Synopsys Design Constraints File is required by the Timing Analyzer to get proper timing constraints. Without it, the Compiler will not properly optimize the design.
Info (19449): Reading SDC files elapsed 00:00:00.
Critical Warning (19317): No user constrained base clocks found in the design. Calling "derive_clocks -period 1.0"
Info (332096): The command derive_clocks did not find any clocks to derive.  No clocks were created or changed.
Warning (332068): No clocks defined in design.
Info (332143): No user constrained clock uncertainty found in the design. Calling "derive_clock_uncertainty"
Info (332154): The derive_clock_uncertainty command did not apply clock uncertainty to any clock-to-clock transfers.
Info (223000): Starting Vectorless Power Activity Estimation
Warning (222013): Relative toggle rates could not be calculated because no clock domain could be identified for some nodes
Info (223001): Completed Vectorless Power Activity Estimation
Info (218000): Using Advanced I/O Power to simulate I/O buffers with the specified board trace model
Warning (215044): No board thermal model was selected.  Analyzing without board thermal modeling.
Info (215049): Average toggle rate for this design is 0.000 millions of transitions / sec
Info (215031): Total thermal power estimate for the design is 590.25 mW
Info: Quartus Prime Power Analyzer was successful. 0 errors, 5 warnings
    Info: Peak virtual memory: 2359 megabytes
    Info: Processing ended: Thu Feb 10 14:36:09 2022
    Info: Elapsed time: 00:00:06


+------------------------------------+
; Indeterminate Toggle Rates         ;
+------+-----------------------------+
; Node ; Reason                      ;
+------+-----------------------------+
; A    ; No valid clock domain found ;
; Cin  ; No valid clock domain found ;
; B    ; No valid clock domain found ;
+------+-----------------------------+


+-------------------------------------------------------------------------+
; Operating Conditions Used                                               ;
+---------------------------------------------+---------------------------+
; Setting                                     ; Value                     ;
+---------------------------------------------+---------------------------+
; Device power characteristics                ; Typical                   ;
;                                             ;                           ;
; Voltages                                    ;                           ;
;     VCCP                                    ; 0.90 V                    ;
;     VCCPT                                   ; 1.80 V                    ;
;     VCCA_PLL                                ; 1.80 V                    ;
;     VCC                                     ; 0.90 V                    ;
;     VCCPGM                                  ; 1.80 V                    ;
;     VCCBAT                                  ; 1.80 V                    ;
;     VCCERAM                                 ; 0.90 V                    ;
;     1.8 V I/O Standard                      ; 1.8 V                     ;
;                                             ;                           ;
; Auto computed junction temperature          ; 26.8 degrees Celsius      ;
;     Ambient temperature                     ; 25.0 degrees Celsius      ;
;     Junction-to-Case thermal resistance     ; 0.40 degrees Celsius/Watt ;
;     Case-to-Heat Sink thermal resistance    ; 0.10 degrees Celsius/Watt ;
;     Heat Sink-to-Ambient thermal resistance ; 2.50 degrees Celsius/Watt ;
;                                             ;                           ;
; Board model used                            ; None                      ;
+---------------------------------------------+---------------------------+


+--------------------------------------------------------------------------------------------------------------------------------------------+
; Thermal Power Dissipation by Block Type                                                                                                    ;
+------------+-----------------------------------+-----------------------------+-----------------------------+-------------------------------+
; Block Type ; Total Thermal Power by Block Type ; Block Thermal Dynamic Power ; Block Thermal Standby Power ; Routing Thermal Dynamic Power ;
+------------+-----------------------------------+-----------------------------+-----------------------------+-------------------------------+
; IO Analog  ; 0.07 mW                           ; 0.00 mW                     ; 0.07 mW                     ; 0.00 mW                       ;
; IO Digital ; 0.10 mW                           ; 0.00 mW                     ; 0.10 mW                     ; 0.00 mW                       ;
+------------+-----------------------------------+-----------------------------+-----------------------------+-------------------------------+


+-------------------------------------------------------------------------------------------------------------+
; Current Drawn per Supply                                                                                    ;
+----------------+---------------------+-----------------------+-----------------------+----------------------+
; Voltage Supply ; Total Current Drawn ; Dynamic Current Drawn ; Standby Current Drawn ; Static Current Drawn ;
+----------------+---------------------+-----------------------+-----------------------+----------------------+
; VCCP           ; 80.29 mA            ; 0.00 mA               ; 0.12 mA               ; 80.18 mA             ;
; VCCPT          ; 51.72 mA            ; 0.00 mA               ; 0.02 mA               ; 51.70 mA             ;
; VCCA_PLL       ; 9.53 mA             ; 0.00 mA               ; 0.00 mA               ; 9.53 mA              ;
; VCC            ; 447.01 mA           ; 0.00 mA               ; 0.00 mA               ; 447.01 mA            ;
; VCCPGM         ; 0.00 mA             ; 0.00 mA               ; 0.00 mA               ; 0.00 mA              ;
; VCCBAT         ; 0.07 mA             ; 0.00 mA               ; 0.00 mA               ; 0.07 mA              ;
; VCCERAM        ; 4.03 mA             ; 0.00 mA               ; 0.00 mA               ; 4.03 mA              ;
+----------------+---------------------+-----------------------+-----------------------+----------------------+


+----------------------------------------------------------------------------------------------------------------+
; I/O Current Drawn per Supply                                                                                   ;
+---------+---------+---------------------+-----------------------+-----------------------+----------------------+
; Supply  ; Voltage ; Total Current Drawn ; Dynamic Current Drawn ; Standby Current Drawn ; Static Current Drawn ;
+---------+---------+---------------------+-----------------------+-----------------------+----------------------+
; VCCIO2A ; 1.8V    ; 0.12 mA             ; 0.00 mA               ; 0.00 mA               ; 0.12 mA              ;
; VCCIO2J ; 1.8V    ; 0.12 mA             ; 0.00 mA               ; 0.00 mA               ; 0.12 mA              ;
; VCCIO2K ; 1.8V    ; 0.12 mA             ; 0.00 mA               ; 0.00 mA               ; 0.12 mA              ;
; VCCIO2L ; 1.8V    ; 0.12 mA             ; 0.00 mA               ; 0.00 mA               ; 0.12 mA              ;
; VCCIO3A ; 1.8V    ; 0.12 mA             ; 0.00 mA               ; 0.01 mA               ; 0.12 mA              ;
; VCCIO3B ; 1.8V    ; 0.35 mA             ; 0.00 mA               ; 0.00 mA               ; 0.35 mA              ;
+---------+---------+---------------------+-----------------------+-----------------------+----------------------+


+------------------------------------------------------------------------------------------------------+
; I/O Current Drawn by Voltage                                                                         ;
+---------+---------------------+-----------------------+-----------------------+----------------------+
; Voltage ; Total Current Drawn ; Dynamic Current Drawn ; Standby Current Drawn ; Static Current Drawn ;
+---------+---------------------+-----------------------+-----------------------+----------------------+
; 1.8V    ; 0.93 mA             ; 0.00 mA               ; 0.01 mA               ; 0.92 mA              ;
+---------+---------------------+-----------------------+-----------------------+----------------------+


+----------------------------------------------------------------------------------------------------------------------------------------------+
; Confidence Metric Details                                                                                                                    ;
+----------------------------------------------------------------------------------------+------------+-----------+------------+---------------+
; Data Source                                                                            ; Total      ; Pin       ; Registered ; Combinational ;
+----------------------------------------------------------------------------------------+------------+-----------+------------+---------------+
; Simulation (from file)                                                                 ;            ;           ;            ;               ;
;     -- Number of signals with Toggle Rate from Simulation                              ; 0 (0.0%)   ; 0 (0.0%)  ; 0 (100.0%) ; 0 (0.0%)      ;
;     -- Number of signals with Static Probability from Simulation                       ; 0 (0.0%)   ; 0 (0.0%)  ; 0 (100.0%) ; 0 (0.0%)      ;
;                                                                                        ;            ;           ;            ;               ;
; Node, entity or clock assignment                                                       ;            ;           ;            ;               ;
;     -- Number of signals with Toggle Rate from Node, entity or clock assignment        ; 0 (0.0%)   ; 0 (0.0%)  ; 0 (100.0%) ; 0 (0.0%)      ;
;     -- Number of signals with Static Probability from Node, entity or clock assignment ; 0 (0.0%)   ; 0 (0.0%)  ; 0 (100.0%) ; 0 (0.0%)      ;
;                                                                                        ;            ;           ;            ;               ;
; Vectorless estimation                                                                  ;            ;           ;            ;               ;
;     -- Number of signals with Toggle Rate from Vectorless estimation                   ; 14 (77.8%) ; 2 (33.3%) ; 0 (100.0%) ; 12 (100.0%)   ;
;     -- Number of signals with Zero toggle rate, from Vectorless estimation             ; 11 (61.1%) ; 2 (33.3%) ; 0 (100.0%) ; 9 (75.0%)     ;
;     -- Number of signals with Static Probability from Vectorless estimation            ; 14 (77.8%) ; 2 (33.3%) ; 0 (100.0%) ; 12 (100.0%)   ;
;                                                                                        ;            ;           ;            ;               ;
; Default assignment                                                                     ;            ;           ;            ;               ;
;     -- Number of signals with Toggle Rate from Default assignment                      ; 0 (0.0%)   ; 0 (0.0%)  ; 0 (100.0%) ; 0 (0.0%)      ;
;     -- Number of signals with Static Probability from Default assignment               ; 4 (22.2%)  ; 4 (66.7%) ; 0 (100.0%) ; 0 (0.0%)      ;
;                                                                                        ;            ;           ;            ;               ;
; Assumed 0                                                                              ;            ;           ;            ;               ;
;     -- Number of signals with Toggle Rate assumed 0                                    ; 4 (22.2%)  ; 4 (66.7%) ; 0 (100.0%) ; 0 (0.0%)      ;
+----------------------------------------------------------------------------------------+------------+-----------+------------+---------------+


+---------------------------------------------------------------------------------------------------------------------------------------------+
; Signal Activities                                                                                                                           ;
+--------+------+---------------------------------------------+-------------------------+--------------------+--------------------------------+
; Signal ; Type ; Toggle Rate (millions of transitions / sec) ; Toggle Rate Data Source ; Static Probability ; Static Probability Data Source ;
+--------+------+---------------------------------------------+-------------------------+--------------------+--------------------------------+
(1) The "Signal Activity" Table has been hidden. To show this table, please select the "Write signal activities to report file" option under "Power Analyzer Settings".


